{"logTime": "1111/184002", "correlationVector":"WMiBX6JnR9jSEycpaMwPfr.0","action":"FeedSettingFetch_homeCloud", "result":"0", "context":{}}
{"logTime": "1111/184002", "correlationVector":"6P3+VAZmo2Ifz62eXKUfCM.1","action":"SyncServerConnectionManagerRequest", "result":"SYNC_SERVER_OK", "context":{"environment":"Prod_EastUS_000w", "migrationStage":"NotStarted", "server":"GENERAL01000009"}}
{"logTime": "1111/184002", "correlationVector":"6P3+VAZmo2Ifz62eXKUfCM","action":"Initial GetUpdates", "result":"", "context":Reason: NEW_CLIENT. cV=6P3+VAZmo2Ifz62eXKUfCM}
{"logTime": "1111/184002", "correlationVector":"6P3+VAZmo2Ifz62eXKUfCM.2","action":"GetUpdates Response", "result":"SYNCER_OK", "context":Received 1 update(s). cV=6P3+VAZmo2Ifz62eXKUfCM.0;server=GENERAL01000009;cloudType=Consumer;environment=Prod_EastUS_000w;migrationStage=NotStarted}
{"logTime": "1111/184004", "correlationVector":"sq8y3WMjzaYovma2PQI4mv","action":"SyncServerConnectionManagerRequest", "result":"SYNC_SERVER_OK", "context":{"environment":"", "migrationStage":"", "server":""}}
{"logTime": "1111/184004", "correlationVector":"bfu3IVIZ/hk7nU2F0aLZLi","action":"Initial GetUpdates", "result":"", "context":Reason: NEW_CLIENT. cV=bfu3IVIZ/hk7nU2F0aLZLi}
{"logTime": "1111/184004", "correlationVector":"bfu3IVIZ/hk7nU2F0aLZLi.1","action":"SyncServerConnectionManagerRequest", "result":"SYNC_SERVER_OK", "context":{"environment":"Prod_EastUS_000w", "migrationStage":"NotStarted", "server":"GENERAL01000007"}}
{"logTime": "1111/184004", "correlationVector":"bfu3IVIZ/hk7nU2F0aLZLi.2","action":"GetUpdates Response", "result":"SYNCER_OK", "context":Received 11 update(s). cV=bfu3IVIZ/hk7nU2F0aLZLi.0;server=GENERAL01000007;cloudType=Consumer;environment=Prod_EastUS_000w;migrationStage=NotStarted}
{"logTime": "1111/184004", "correlationVector":"Y3B9FM9NVy6ocxn6aZ3kOI","action":"Normal GetUpdate request", "result":"", "context":cV=Y3B9FM9NVy6ocxn6aZ3kOI
Nudged types: Device Info, User Consents
Refresh requested types: Device Info, User Consents, Send Tab To Self, Encryption Keys}
{"logTime": "1111/184004", "correlationVector":"Y3B9FM9NVy6ocxn6aZ3kOI.1","action":"SyncServerConnectionManagerRequest", "result":"SYNC_SERVER_OK", "context":{"environment":"Prod_EastUS_000w", "migrationStage":"NotStarted", "server":"GENERAL0100001L"}}
{"logTime": "1111/184004", "correlationVector":"Y3B9FM9NVy6ocxn6aZ3kOI.2","action":"GetUpdates Response", "result":"SYNCER_OK", "context":Received 0 update(s). cV=Y3B9FM9NVy6ocxn6aZ3kOI.0;server=GENERAL0100001L;cloudType=Consumer;environment=Prod_EastUS_000w;migrationStage=NotStarted}
{"logTime": "1111/184004", "correlationVector":"/8+TgUpRbEhVEiimOMQQY5","action":"Commit Request", "result":"", "context":Item count: 1
Contributing types: Device Info}
{"logTime": "1111/184004", "correlationVector":"/8+TgUpRbEhVEiimOMQQY5.1","action":"SyncServerConnectionManagerRequest", "result":"SYNC_SERVER_OK", "context":{"environment":"Prod_EastUS_000w", "migrationStage":"NotStarted", "server":"GENERAL0100000A"}}
{"logTime": "1111/184004", "correlationVector":"/8+TgUpRbEhVEiimOMQQY5.2","action":"Commit Response", "result":"SYNCER_OK", "context":Result: SYNCER_OK. cV=/8+TgUpRbEhVEiimOMQQY5.0;server=GENERAL0100000A;cloudType=Consumer;environment=Prod_EastUS_000w;migrationStage=NotStarted}
{"logTime": "1111/184004", "correlationVector":"rh2Mqo68OusVCsq+3A7I+7","action":"Commit Request", "result":"", "context":Item count: 2
Contributing types: User Consents}
{"logTime": "1111/184005", "correlationVector":"rh2Mqo68OusVCsq+3A7I+7.1","action":"SyncServerConnectionManagerRequest", "result":"SYNC_SERVER_OK", "context":{"environment":"Prod_EastUS_000w", "migrationStage":"NotStarted", "server":"GENERAL0100001D"}}
{"logTime": "1111/184005", "correlationVector":"rh2Mqo68OusVCsq+3A7I+7.2","action":"Commit Response", "result":"SYNCER_OK", "context":Result: SYNCER_OK. cV=rh2Mqo68OusVCsq+3A7I+7.0;server=GENERAL0100001D;cloudType=Consumer;environment=Prod_EastUS_000w;migrationStage=NotStarted}
{"logTime": "1111/184005", "correlationVector":"aJfG9ONLFQ9eCHEAjOrwXg","action":"Normal GetUpdate request", "result":"", "context":cV=aJfG9ONLFQ9eCHEAjOrwXg
Nudged types: Device Info}
{"logTime": "1111/184005", "correlationVector":"aJfG9ONLFQ9eCHEAjOrwXg.1","action":"SyncServerConnectionManagerRequest", "result":"SYNC_SERVER_OK", "context":{"environment":"Prod_EastUS_000w", "migrationStage":"NotStarted", "server":"GENERAL0100000W"}}
{"logTime": "1111/184005", "correlationVector":"aJfG9ONLFQ9eCHEAjOrwXg.2","action":"GetUpdates Response", "result":"SYNCER_OK", "context":Received 1 update(s). cV=aJfG9ONLFQ9eCHEAjOrwXg.0;server=GENERAL0100000W;cloudType=Consumer;environment=Prod_EastUS_000w;migrationStage=NotStarted}
